C51 COMPILER V9.01   DELAY                                                                 08/03/2017 21:18:07 PAGE 1   


C51 COMPILER V9.01, COMPILATION OF MODULE DELAY
OBJECT MODULE PLACED IN delay.OBJ
COMPILER INVOKED BY: E:\Keil_v5\51\C51\BIN\C51.EXE delay.c BROWSE DEBUG OBJECTEXTEND

line level    source

   1          //ÑÓÊ±º¯Êý
   2          #include        "delay.h"
   3           #include "intrins.h" 
   4          void Delay1ms()         //@11.0592MHz
   5          {
   6   1              unsigned char i, j;
   7   1      
   8   1              _nop_();
   9   1              i = 2;
  10   1              j = 199;
  11   1              do
  12   1              {
  13   2                      while (--j);
  14   2              } while (--i);
  15   1      }
  16          
  17          void delay_ms(u16 ms)
  18          {
  19   1              u16 i;
  20   1              for(i=0;i<ms;i++)
  21   1                      Delay1ms();
  22   1      }


MODULE INFORMATION:   STATIC OVERLAYABLE
   CODE SIZE        =     35    ----
   CONSTANT SIZE    =   ----    ----
   XDATA SIZE       =   ----    ----
   PDATA SIZE       =   ----    ----
   DATA SIZE        =   ----    ----
   IDATA SIZE       =   ----    ----
   BIT SIZE         =   ----    ----
END OF MODULE INFORMATION.


C51 COMPILATION COMPLETE.  0 WARNING(S),  0 ERROR(S)
